<?xml version="1.0" encoding="UTF-8"?>
<coverage generated="1643829009770" clover="3.2.0">
  <project timestamp="1643829009770" name="All files">
    <metrics statements="16" coveredstatements="16" conditionals="4" coveredconditionals="4" methods="7" coveredmethods="7" elements="27" coveredelements="27" complexity="0" loc="16" ncloc="16" packages="1" files="3" classes="3"/>
    <file name="calculator.js" path="/Users/mac/Microverse/test-driven-development/main-files/calculator.js">
      <metrics statements="7" coveredstatements="7" conditionals="0" coveredconditionals="0" methods="5" coveredmethods="5"/>
      <line num="1" count="1" type="stmt"/>
      <line num="3" count="4" type="stmt"/>
      <line num="4" count="4" type="stmt"/>
      <line num="7" count="1" type="stmt"/>
      <line num="10" count="1" type="stmt"/>
      <line num="13" count="1" type="stmt"/>
      <line num="16" count="1" type="stmt"/>
    </file>
    <file name="reverse.js" path="/Users/mac/Microverse/test-driven-development/main-files/reverse.js">
      <metrics statements="5" coveredstatements="5" conditionals="0" coveredconditionals="0" methods="1" coveredmethods="1"/>
      <line num="2" count="1" type="stmt"/>
      <line num="3" count="1" type="stmt"/>
      <line num="4" count="5" type="stmt"/>
      <line num="5" count="1" type="stmt"/>
      <line num="9" count="1" type="stmt"/>
    </file>
    <file name="string.js" path="/Users/mac/Microverse/test-driven-development/main-files/string.js">
      <metrics statements="4" coveredstatements="4" conditionals="4" coveredconditionals="4" methods="1" coveredmethods="1"/>
      <line num="2" count="3" type="cond" truecount="4" falsecount="0"/>
      <line num="3" count="2" type="stmt"/>
      <line num="7" count="1" type="stmt"/>
      <line num="14" count="1" type="stmt"/>
    </file>
  </project>
</coverage>
