{"/Users/mac/Microverse/test-driven-development/index.js": {"path":"/Users/mac/Microverse/test-driven-development/index.js","statementMap":{"0":{"start":{"line":2,"column":2},"end":{"line":8,"column":1}},"1":{"start":{"line":3,"column":2},"end":{"line":3,"column":23}},"2":{"start":{"line":7,"column":2},"end":{"line":7,"column":37}},"3":{"start":{"line":14,"column":0},"end":{"line":14,"column":29}}},"fnMap":{"0":{"name":"stringLength","decl":{"start":{"line":1,"column":9},"end":{"line":1,"column":21}},"loc":{"start":{"line":1,"column":30},"end":{"line":9,"column":1}},"line":1}},"branchMap":{"0":{"loc":{"start":{"line":2,"column":2},"end":{"line":8,"column":1}},"type":"if","locations":[{"start":{"line":2,"column":2},"end":{"line":8,"column":1}},{"start":{"line":4,"column":7},"end":{"line":8,"column":1}}],"line":2},"1":{"loc":{"start":{"line":2,"column":5},"end":{"line":2,"column":45}},"type":"binary-expr","locations":[{"start":{"line":2,"column":5},"end":{"line":2,"column":22}},{"start":{"line":2,"column":26},"end":{"line":2,"column":45}}],"line":2}},"s":{"0":3,"1":2,"2":1,"3":1},"f":{"0":3},"b":{"0":[2,1],"1":[3,3]},"_coverageSchema":"1a1c01bbd47fc00a2c39e90264f33305004495a9","hash":"25dc82a8702c48f2b220998e9718d523af698f06"}
}
