TN:
SF:main-files/calculator.js
FN:2,(anonymous_0)
FN:6,(anonymous_1)
FN:9,(anonymous_2)
FN:12,(anonymous_3)
FN:15,(anonymous_4)
FNF:5
FNH:5
FNDA:4,(anonymous_0)
FNDA:1,(anonymous_1)
FNDA:1,(anonymous_2)
FNDA:1,(anonymous_3)
FNDA:1,(anonymous_4)
DA:1,1
DA:3,4
DA:4,4
DA:7,1
DA:10,1
DA:13,1
DA:16,1
LF:7
LH:7
BRF:0
BRH:0
end_of_record
TN:
SF:main-files/reverse.js
FN:1,reverseString
FNF:1
FNH:1
FNDA:1,reverseString
DA:2,1
DA:3,1
DA:4,5
DA:5,1
DA:9,1
LF:5
LH:5
BRF:0
BRH:0
end_of_record
TN:
SF:main-files/string.js
FN:1,stringLength
FNF:1
FNH:1
FNDA:3,stringLength
DA:2,3
DA:3,2
DA:7,1
DA:14,1
LF:4
LH:4
BRDA:2,0,0,2
BRDA:2,0,1,1
BRDA:2,1,0,3
BRDA:2,1,1,3
BRF:4
BRH:4
end_of_record
